<?xml version="1.0" encoding="UTF-8"?>
<testng-results ignored="0" total="3" passed="2" failed="1" skipped="0">
  <reporter-output>
  </reporter-output>
  <suite started-at="2022-08-01T11:24:50Z" name="Suite" finished-at="2022-08-01T11:25:12Z" duration-ms="21766">
    <groups>
    </groups>
    <test started-at="2022-08-01T11:24:50Z" name="Test" finished-at="2022-08-01T11:25:12Z" duration-ms="21766">
      <class name="com.saucedemo.testCases.TC_HistoryPage_03">
        <test-method is-config="true" signature="setUp()[pri:0, instance:com.saucedemo.testCases.TC_HistoryPage_03@1bd39d3c]" started-at="2022-08-01T11:25:04Z" name="setUp" finished-at="2022-08-01T11:25:08Z" duration-ms="3761" status="PASS">
          <reporter-output>
          </reporter-output>
        </test-method> <!-- setUp -->
        <test-method signature="historyPageTest()[pri:0, instance:com.saucedemo.testCases.TC_HistoryPage_03@1bd39d3c]" started-at="2022-08-01T11:25:08Z" name="historyPageTest" finished-at="2022-08-01T11:25:11Z" duration-ms="3609" status="PASS">
          <reporter-output>
          </reporter-output>
        </test-method> <!-- historyPageTest -->
        <test-method is-config="true" signature="tearDown()[pri:0, instance:com.saucedemo.testCases.TC_HistoryPage_03@1bd39d3c]" started-at="2022-08-01T11:25:11Z" name="tearDown" finished-at="2022-08-01T11:25:12Z" duration-ms="224" status="PASS">
          <reporter-output>
          </reporter-output>
        </test-method> <!-- tearDown -->
      </class> <!-- com.saucedemo.testCases.TC_HistoryPage_03 -->
      <class name="com.saucedemo.testCases.TC_MakeApointmentPage_02">
        <test-method is-config="true" signature="setUp()[pri:0, instance:com.saucedemo.testCases.TC_MakeApointmentPage_02@59cba5a]" started-at="2022-08-01T11:24:57Z" name="setUp" finished-at="2022-08-01T11:25:01Z" duration-ms="4261" status="PASS">
          <reporter-output>
          </reporter-output>
        </test-method> <!-- setUp -->
        <test-method signature="makeApointmentPageTest()[pri:0, instance:com.saucedemo.testCases.TC_MakeApointmentPage_02@59cba5a]" started-at="2022-08-01T11:25:01Z" name="makeApointmentPageTest" finished-at="2022-08-01T11:25:04Z" duration-ms="2987" status="PASS">
          <reporter-output>
          </reporter-output>
        </test-method> <!-- makeApointmentPageTest -->
        <test-method is-config="true" signature="tearDown()[pri:0, instance:com.saucedemo.testCases.TC_MakeApointmentPage_02@59cba5a]" started-at="2022-08-01T11:25:04Z" name="tearDown" finished-at="2022-08-01T11:25:04Z" duration-ms="193" status="PASS">
          <reporter-output>
          </reporter-output>
        </test-method> <!-- tearDown -->
      </class> <!-- com.saucedemo.testCases.TC_MakeApointmentPage_02 -->
      <class name="com.saucedemo.testCases.TC_LoginTest_01">
        <test-method is-config="true" signature="setUp()[pri:0, instance:com.saucedemo.testCases.TC_LoginTest_01@4397ad89]" started-at="2022-08-01T11:24:50Z" name="setUp" finished-at="2022-08-01T11:24:54Z" duration-ms="4098" status="PASS">
          <reporter-output>
          </reporter-output>
        </test-method> <!-- setUp -->
        <test-method signature="loginTest()[pri:0, instance:com.saucedemo.testCases.TC_LoginTest_01@4397ad89]" started-at="2022-08-01T11:24:54Z" name="loginTest" finished-at="2022-08-01T11:24:56Z" duration-ms="1969" status="FAIL">
          <exception class="java.lang.AssertionError">
            <message>
              <![CDATA[expected [true] but found [false]]]>
            </message>
            <full-stacktrace>
              <![CDATA[java.lang.AssertionError: expected [true] but found [false]
at org.testng.Assert.fail(Assert.java:96)
at org.testng.Assert.failNotEquals(Assert.java:776)
at org.testng.Assert.assertTrue(Assert.java:44)
at org.testng.Assert.assertTrue(Assert.java:54)
at com.saucedemo.testCases.TC_LoginTest_01.loginTest(TC_LoginTest_01.java:36)
at java.base/jdk.internal.reflect.NativeMethodAccessorImpl.invoke0(Native Method)
at java.base/jdk.internal.reflect.NativeMethodAccessorImpl.invoke(NativeMethodAccessorImpl.java:77)
at java.base/jdk.internal.reflect.DelegatingMethodAccessorImpl.invoke(DelegatingMethodAccessorImpl.java:43)
at java.base/java.lang.reflect.Method.invoke(Method.java:568)
at org.testng.internal.MethodInvocationHelper.invokeMethod(MethodInvocationHelper.java:124)
at org.testng.internal.Invoker.invokeMethod(Invoker.java:583)
at org.testng.internal.Invoker.invokeTestMethod(Invoker.java:719)
at org.testng.internal.Invoker.invokeTestMethods(Invoker.java:989)
at org.testng.internal.TestMethodWorker.invokeTestMethods(TestMethodWorker.java:125)
at org.testng.internal.TestMethodWorker.run(TestMethodWorker.java:109)
at org.testng.TestRunner.privateRun(TestRunner.java:648)
at org.testng.TestRunner.run(TestRunner.java:505)
at org.testng.SuiteRunner.runTest(SuiteRunner.java:455)
at org.testng.SuiteRunner.runSequentially(SuiteRunner.java:450)
at org.testng.SuiteRunner.privateRun(SuiteRunner.java:415)
at org.testng.SuiteRunner.run(SuiteRunner.java:364)
at org.testng.SuiteRunnerWorker.runSuite(SuiteRunnerWorker.java:52)
at org.testng.SuiteRunnerWorker.run(SuiteRunnerWorker.java:84)
at org.testng.TestNG.runSuitesSequentially(TestNG.java:1208)
at org.testng.TestNG.runSuitesLocally(TestNG.java:1137)
at org.testng.TestNG.runSuites(TestNG.java:1049)
at org.testng.TestNG.run(TestNG.java:1017)
at org.testng.remote.AbstractRemoteTestNG.run(AbstractRemoteTestNG.java:115)
at org.testng.remote.RemoteTestNG.initAndRun(RemoteTestNG.java:251)
at org.testng.remote.RemoteTestNG.main(RemoteTestNG.java:77)
]]>
            </full-stacktrace>
          </exception> <!-- java.lang.AssertionError -->
          <reporter-output>
          </reporter-output>
        </test-method> <!-- loginTest -->
        <test-method is-config="true" signature="tearDown()[pri:0, instance:com.saucedemo.testCases.TC_LoginTest_01@4397ad89]" started-at="2022-08-01T11:24:56Z" name="tearDown" finished-at="2022-08-01T11:24:57Z" duration-ms="220" status="PASS">
          <reporter-output>
          </reporter-output>
        </test-method> <!-- tearDown -->
      </class> <!-- com.saucedemo.testCases.TC_LoginTest_01 -->
    </test> <!-- Test -->
  </suite> <!-- Suite -->
</testng-results>
